<?xml version="1.0" encoding="UTF-8"?>
<!-- Generated by org.testng.reporters.JUnitReportReporter -->
<testsuite hostname="TYSS-Chaithra" failures="0" tests="1" name="CRUDWithBDD.GetAllProjectsTest" time="1.060" errors="0" timestamp="2022-06-14T13:16:36 IST" skipped="0">
  <testcase classname="CRUDWithBDD.GetAllProjectsTest" name="getAllP" time="1.060"/>
  <system-out/>
</testsuite> <!-- CRUDWithBDD.GetAllProjectsTest -->
