<?xml version="1.0" encoding="UTF-8"?>
<!-- Generated by org.testng.reporters.JUnitReportReporter -->
<testsuite hostname="TYSS-Chaithra" failures="0" tests="1" name="serializationDeserialization.Desrialization" time="0.112" errors="0" timestamp="2022-06-13T13:27:20 IST" skipped="0">
  <testcase classname="serializationDeserialization.Desrialization" name="deserializationTest" time="0.112"/>
  <system-out/>
</testsuite> <!-- serializationDeserialization.Desrialization -->
