<?xml version="1.0" encoding="UTF-8"?>
<!-- Generated by org.testng.reporters.JUnitReportReporter -->
<testsuite hostname="TYSS-Chaithra" failures="0" tests="1" name="Authentications.Oauth2Authentication" time="3.669" errors="0" timestamp="2022-06-15T17:49:06 IST" skipped="0">
  <testcase classname="Authentications.Oauth2Authentication" name="Oauth2Test" time="3.669"/>
  <system-out/>
</testsuite> <!-- Authentications.Oauth2Authentication -->
