<?xml version="1.0" encoding="UTF-8"?>
<!-- Generated by org.testng.reporters.JUnitReportReporter -->
<testsuite hostname="TYSS-Chaithra" failures="0" tests="1" name="RequestChaining.CreateProjectAndGetTheProject" time="2.054" errors="0" timestamp="2022-06-15T15:41:02 IST" skipped="0">
  <testcase classname="RequestChaining.CreateProjectAndGetTheProject" name="createPAndGet" time="2.054"/>
  <system-out/>
</testsuite> <!-- RequestChaining.CreateProjectAndGetTheProject -->
