<?xml version="1.0" encoding="UTF-8"?>
<!-- Generated by org.testng.reporters.JUnitReportReporter -->
<testsuite hostname="TYSS-Chaithra" failures="0" tests="1" name="Parameters.QueryParameter" time="1.466" errors="0" timestamp="2022-06-15T13:12:44 IST" skipped="0">
  <testcase classname="Parameters.QueryParameter" name="queryPTest" time="1.466"/>
  <system-out/>
</testsuite> <!-- Parameters.QueryParameter -->
