<?xml version="1.0" encoding="UTF-8"?>
<!-- Generated by org.testng.reporters.JUnitReportReporter -->
<testsuite hostname="TYSS-Chaithra" failures="0" tests="1" name="CRUDWithBDD.GetSingleProjectTesT" time="0.976" errors="0" timestamp="2022-06-14T13:20:35 IST" skipped="0">
  <testcase classname="CRUDWithBDD.GetSingleProjectTesT" name="getSingleP" time="0.976"/>
  <system-out/>
</testsuite> <!-- CRUDWithBDD.GetSingleProjectTesT -->
