<?xml version="1.0" encoding="UTF-8"?>
<!-- Generated by org.testng.reporters.JUnitReportReporter -->
<testsuite hostname="TYSS-Chaithra" failures="0" tests="1" name="CRUDWithoutBDD.UpdateProjectTest" time="1.168" errors="0" timestamp="2022-06-14T12:18:11 IST" skipped="0">
  <testcase classname="CRUDWithoutBDD.UpdateProjectTest" name="updateProject" time="1.168"/>
  <system-out/>
</testsuite> <!-- CRUDWithoutBDD.UpdateProjectTest -->
