<?xml version="1.0" encoding="UTF-8"?>
<!-- Generated by org.testng.reporters.JUnitReportReporter -->
<testsuite hostname="TYSS-Chaithra" failures="0" tests="1" name="DiffWaysToPOST.CreateProjectUisngJSONFile" time="1.448" errors="0" timestamp="2022-06-14T15:49:04 IST" skipped="0">
  <testcase classname="DiffWaysToPOST.CreateProjectUisngJSONFile" name="createP" time="1.448"/>
  <system-out/>
</testsuite> <!-- DiffWaysToPOST.CreateProjectUisngJSONFile -->
