<?xml version="1.0" encoding="UTF-8"?>
<!-- Generated by org.testng.reporters.JUnitReportReporter -->
<testsuite hostname="TYSS-Chaithra" failures="0" tests="1" name="Parameters.QueryParameterREQRES" time="2.393" errors="0" timestamp="2022-06-15T13:26:29 IST" skipped="0">
  <testcase classname="Parameters.QueryParameterREQRES" name="queryParameterT" time="2.393"/>
  <system-out/>
</testsuite> <!-- Parameters.QueryParameterREQRES -->
