<?xml version="1.0" encoding="UTF-8"?>
<!-- Generated by org.testng.reporters.JUnitReportReporter -->
<testsuite hostname="TYSS-Chaithra" failures="0" tests="1" name="CRUDWithoutBDD.GetAllProjectTest" time="1.493" errors="0" timestamp="2022-06-14T16:59:18 IST" skipped="0">
  <testcase classname="CRUDWithoutBDD.GetAllProjectTest" name="getAllProjectTest" time="1.493"/>
  <system-out/>
</testsuite> <!-- CRUDWithoutBDD.GetAllProjectTest -->
