<?xml version="1.0" encoding="UTF-8"?>
<!-- Generated by org.testng.reporters.JUnitReportReporter -->
<testsuite hostname="TYSS-Chaithra" failures="0" tests="1" name="CRUDWithBDD.UpdateProjectTest" time="1.139" errors="0" timestamp="2022-06-14T13:25:30 IST" skipped="0">
  <testcase classname="CRUDWithBDD.UpdateProjectTest" name="updateP" time="1.139"/>
  <system-out/>
</testsuite> <!-- CRUDWithBDD.UpdateProjectTest -->
