<?xml version="1.0" encoding="UTF-8"?>
<!-- Generated by org.testng.reporters.JUnitReportReporter -->
<testsuite hostname="TYSS-Chaithra" failures="0" tests="1" name="serializationDeserialization.Serialization" time="0.129" errors="0" timestamp="2022-06-13T13:19:27 IST" skipped="0">
  <testcase classname="serializationDeserialization.Serialization" name="serializationTest" time="0.129"/>
  <system-out/>
</testsuite> <!-- serializationDeserialization.Serialization -->
