<?xml version="1.0" encoding="UTF-8"?>
<!-- Generated by org.testng.reporters.JUnitReportReporter -->
<testsuite hostname="TYSS-Chaithra" failures="0" tests="3" name="DataDrivenTesting.CreateMultipleProjects" time="1.211" errors="0" timestamp="2022-06-15T11:52:33 IST" skipped="0">
  <testcase classname="DataDrivenTesting.CreateMultipleProjects" name="createMultipleP" time="0.027"/>
  <system-out/>
  <testcase classname="DataDrivenTesting.CreateMultipleProjects" name="createMultipleP" time="0.023"/>
  <system-out/>
  <testcase classname="DataDrivenTesting.CreateMultipleProjects" name="createMultipleP" time="1.161"/>
  <system-out/>
</testsuite> <!-- DataDrivenTesting.CreateMultipleProjects -->
