<?xml version="1.0" encoding="UTF-8"?>
<!-- Generated by org.testng.reporters.JUnitReportReporter -->
<testsuite hostname="TYSS-Chaithra" failures="0" tests="1" name="ResponseValidation.DynamicResponseValidation" time="1.832" errors="0" timestamp="2022-06-14T17:25:56 IST" skipped="0">
  <testcase classname="ResponseValidation.DynamicResponseValidation" name="dynamicResponseV" time="1.832"/>
  <system-out/>
</testsuite> <!-- ResponseValidation.DynamicResponseValidation -->
