<?xml version="1.0" encoding="UTF-8"?>
<!-- Generated by org.testng.reporters.JUnitReportReporter -->
<testsuite hostname="TYSS-Chaithra" failures="0" tests="1" name="Authentications.BearerTokenTest" time="4.080" errors="0" timestamp="2022-06-15T16:21:40 IST" skipped="0">
  <testcase classname="Authentications.BearerTokenTest" name="bearerTokenTest" time="4.080"/>
  <system-out/>
</testsuite> <!-- Authentications.BearerTokenTest -->
