<?xml version="1.0" encoding="UTF-8"?>
<!-- Generated by org.testng.reporters.JUnitReportReporter -->
<testsuite hostname="TYSS-Chaithra" failures="0" tests="1" name="CRUDWithoutBDD.CreateProjectTest" time="1.131" errors="0" timestamp="2022-06-14T12:43:37 IST" skipped="0">
  <testcase classname="CRUDWithoutBDD.CreateProjectTest" name="createProjectTest" time="1.131"/>
  <system-out/>
</testsuite> <!-- CRUDWithoutBDD.CreateProjectTest -->
