<?xml version="1.0" encoding="UTF-8"?>
<!-- Generated by org.testng.reporters.JUnitReportReporter -->
<testsuite hostname="TYSS-Chaithra" failures="0" tests="1" name="CRUDWithBDD.DeleteProjectTest" time="0.989" errors="0" timestamp="2022-06-14T13:27:58 IST" skipped="0">
  <testcase classname="CRUDWithBDD.DeleteProjectTest" name="deleteP" time="0.989"/>
  <system-out/>
</testsuite> <!-- CRUDWithBDD.DeleteProjectTest -->
