<?xml version="1.0" encoding="UTF-8"?>
<!-- Generated by org.testng.reporters.JUnitReportReporter -->
<testsuite hostname="TYSS-Chaithra" failures="0" tests="1" name="DiffWaysToPOST.CreateProjectuisngPOJO" time="1.636" errors="0" timestamp="2022-06-14T15:56:56 IST" skipped="0">
  <testcase classname="DiffWaysToPOST.CreateProjectuisngPOJO" name="createP" time="1.636"/>
  <system-out/>
</testsuite> <!-- DiffWaysToPOST.CreateProjectuisngPOJO -->
