<?xml version="1.0" encoding="UTF-8"?>
<!-- Generated by org.testng.reporters.JUnitReportReporter -->
<testsuite hostname="TYSS-Chaithra" failures="0" tests="1" name="Parameters.PathParameter" time="1.699" errors="0" timestamp="2022-06-15T13:06:37 IST" skipped="0">
  <testcase classname="Parameters.PathParameter" name="pathParameterTest" time="1.699"/>
  <system-out/>
</testsuite> <!-- Parameters.PathParameter -->
