<?xml version="1.0" encoding="UTF-8"?>
<!-- Generated by org.testng.reporters.JUnitReportReporter -->
<testsuite hostname="TYSS-Chaithra" failures="0" tests="1" name="Authentications.BasicAuthTest" time="1.461" errors="0" timestamp="2022-06-15T16:09:06 IST" skipped="0">
  <testcase classname="Authentications.BasicAuthTest" name="basicAuthTest" time="1.461"/>
  <system-out/>
</testsuite> <!-- Authentications.BasicAuthTest -->
