<?xml version="1.0" encoding="UTF-8"?>
<!-- Generated by org.testng.reporters.JUnitReportReporter -->
<testsuite hostname="TYSS-Chaithra" failures="0" tests="1" name="serializationDeserialization.SerializationWithArray" time="0.149" errors="0" timestamp="2022-06-13T15:57:05 IST" skipped="0">
  <testcase classname="serializationDeserialization.SerializationWithArray" name="serialiseWithArray" time="0.149"/>
  <system-out/>
</testsuite> <!-- serializationDeserialization.SerializationWithArray -->
