<?xml version="1.0" encoding="UTF-8"?>
<!-- Generated by org.testng.reporters.JUnitReportReporter -->
<testsuite hostname="TYSS-Chaithra" failures="0" tests="1" name="CRUDWithBDD.CreateProjectTest" time="1.142" errors="0" timestamp="2022-06-14T13:11:15 IST" skipped="0">
  <testcase classname="CRUDWithBDD.CreateProjectTest" name="createP" time="1.142"/>
  <system-out/>
</testsuite> <!-- CRUDWithBDD.CreateProjectTest -->
