<?xml version="1.0" encoding="UTF-8"?>
<!-- Generated by org.testng.reporters.JUnitReportReporter -->
<testsuite hostname="TYSS-Chaithra" failures="0" tests="1" name="CRUDWithoutBDD.DeleteProjectTest" time="0.997" errors="0" timestamp="2022-06-14T12:23:07 IST" skipped="0">
  <testcase classname="CRUDWithoutBDD.DeleteProjectTest" name="deleteProject" time="0.997"/>
  <system-out/>
</testsuite> <!-- CRUDWithoutBDD.DeleteProjectTest -->
