<?xml version="1.0" encoding="UTF-8"?>
<!-- Generated by org.testng.reporters.JUnitReportReporter -->
<testsuite hostname="TYSS-Chaithra" failures="0" tests="1" name="DiffWaysToPOST.CreateProjectUisngHashMap" time="1.655" errors="0" timestamp="2022-06-14T15:41:52 IST" skipped="0">
  <testcase classname="DiffWaysToPOST.CreateProjectUisngHashMap" name="createP" time="1.655"/>
  <system-out/>
</testsuite> <!-- DiffWaysToPOST.CreateProjectUisngHashMap -->
