<?xml version="1.0" encoding="UTF-8"?>
<!-- Generated by org.testng.reporters.JUnitReportReporter -->
<testsuite hostname="TYSS-Chaithra" failures="0" tests="1" name="serializationDeserialization.SerializationWithObject" time="0.167" errors="0" timestamp="2022-06-13T16:12:33 IST" skipped="0">
  <testcase classname="serializationDeserialization.SerializationWithObject" name="serialisationwithObjectTest" time="0.167"/>
  <system-out/>
</testsuite> <!-- serializationDeserialization.SerializationWithObject -->
